Build started 3/14/2017 8:06:38 PM.
     1>Project "C:\Users\PCBLAB_01\Desktop\tracking\vic car detection\OpenCVProject\OpenCVProject.vcxproj" on node 2 (build target(s)).
     1>InitializeBuildStatus:
         Creating "Debug\OpenCVProject 3.unsuccessfulbuild" because "AlwaysCreate" was specified.
       ClCompile:
         All outputs are up-to-date.
         c:\Program Files (x86)\Microsoft Visual Studio 10.0\VC\bin\CL.exe /c /IC:\opencv\build\include\opencv2 /IC:\opencv\build\include /IC:\opencv\build\include\opencv /ZI /nologo /W3 /WX- /Od /Oy- /D WIN32 /D _DEBUG /D _CONSOLE /D _UNICODE /D UNICODE /Gm /EHsc /RTC1 /MDd /GS /fp:precise /Zc:wchar_t /Zc:forScope /Yu"StdAfx.h" /Fp"Debug\OpenCVProject 3.pch" /Fo"Debug\\" /Fd"Debug\vc100.pdb" /Gd /TP /analyze- /errorReport:prompt OpenCVProject.cpp
         OpenCVProject.cpp
     1>c:\opencv\build\include\opencv2\flann\logger.h(66): warning C4996: 'fopen': This function or variable may be unsafe. Consider using fopen_s instead. To disable deprecation, use _CRT_SECURE_NO_WARNINGS. See online help for details.
                 c:\program files\microsoft visual studio 10.0\vc\include\stdio.h(234) : see declaration of 'fopen'
     1>c:\users\pcblab_01\desktop\tracking\vic car detection\opencvproject\opencvproject.cpp(269): warning C4018: '<' : signed/unsigned mismatch
     1>c:\users\pcblab_01\desktop\tracking\vic car detection\opencvproject\opencvproject.cpp(332): warning C4244: 'argument' : conversion from 'double' to 'int', possible loss of data
     1>c:\users\pcblab_01\desktop\tracking\vic car detection\opencvproject\opencvproject.cpp(333): warning C4244: 'argument' : conversion from 'double' to 'int', possible loss of data
     1>c:\users\pcblab_01\desktop\tracking\vic car detection\opencvproject\opencvproject.cpp(393): warning C4018: '<' : signed/unsigned mismatch
     1>c:\users\pcblab_01\desktop\tracking\vic car detection\opencvproject\opencvproject.cpp(397): warning C4018: '<' : signed/unsigned mismatch
     1>c:\users\pcblab_01\desktop\tracking\vic car detection\opencvproject\opencvproject.cpp(351): warning C4101: 'j' : unreferenced local variable
     1>c:\users\pcblab_01\desktop\tracking\vic car detection\opencvproject\opencvproject.cpp(465): warning C4018: '<' : signed/unsigned mismatch
     1>c:\users\pcblab_01\desktop\tracking\vic car detection\opencvproject\opencvproject.cpp(470): warning C4018: '<' : signed/unsigned mismatch
     1>c:\users\pcblab_01\desktop\tracking\vic car detection\opencvproject\opencvproject.cpp(584): warning C4018: '<' : signed/unsigned mismatch
     1>c:\users\pcblab_01\desktop\tracking\vic car detection\opencvproject\opencvproject.cpp(591): warning C4018: '<' : signed/unsigned mismatch
     1>c:\users\pcblab_01\desktop\tracking\vic car detection\opencvproject\opencvproject.cpp(626): warning C4244: 'argument' : conversion from 'double' to 'int', possible loss of data
     1>c:\users\pcblab_01\desktop\tracking\vic car detection\opencvproject\opencvproject.cpp(656): error C2601: 'roadDetectionHorizontal' : local function definitions are illegal
                 c:\users\pcblab_01\desktop\tracking\vic car detection\opencvproject\opencvproject.cpp(495): this line contains a '{' which has not yet been matched
     1>c:\users\pcblab_01\desktop\tracking\vic car detection\opencvproject\opencvproject.cpp(789): fatal error C1075: end of file found before the left brace '{' at 'c:\users\pcblab_01\desktop\tracking\vic car detection\opencvproject\opencvproject.cpp(495)' was matched
     1>Done Building Project "C:\Users\PCBLAB_01\Desktop\tracking\vic car detection\OpenCVProject\OpenCVProject.vcxproj" (build target(s)) -- FAILED.

Build FAILED.

Time Elapsed 00:00:01.08
